# JRE version: Java(TM) SE Runtime Environment (8.0_101-b13) (build 1.8.0_101-b13)
# Java VM: Java HotSpot(TM) 64-Bit Server VM (25.101-b13 mixed mode bsd-amd64 compressed oops)
Heap:
 PSYoungGen      total 66560K, used 3895K [0x000000076ab00000, 0x000000076f600000, 0x00000007c0000000)
  eden space 64000K, 2% used [0x000000076ab00000,0x000000076acc1c48,0x000000076e980000)
  from space 2560K, 81% used [0x000000076eb00000,0x000000076ed0c010,0x000000076ed80000)
  to   space 2560K, 0% used [0x000000076f380000,0x000000076f380000,0x000000076f600000)
 ParOldGen       total 175104K, used 32K [0x00000006c0000000, 0x00000006cab00000, 0x000000076ab00000)
  object space 175104K, 0% used [0x00000006c0000000,0x00000006c0008000,0x00000006cab00000)
 Metaspace       used 10388K, capacity 10552K, committed 10752K, reserved 1058816K
  class space    used 1184K, capacity 1248K, committed 1280K, reserved 1048576K
GC Heap History (10 events):
Event: 123.675 GC heap before
{Heap before GC invocations=1 (full 0):
 PSYoungGen      total 76288K, used 65536K [0x000000076ab00000, 0x0000000770000000, 0x00000007c0000000)
  eden space 65536K, 100% used [0x000000076ab00000,0x000000076eb00000,0x000000076eb00000)
  from space 10752K, 0% used [0x000000076f580000,0x000000076f580000,0x0000000770000000)
  to   space 10752K, 0% used [0x000000076eb00000,0x000000076eb00000,0x000000076f580000)
 ParOldGen       total 175104K, used 0K [0x00000006c0000000, 0x00000006cab00000, 0x000000076ab00000)
  object space 175104K, 0% used [0x00000006c0000000,0x00000006c0000000,0x00000006cab00000)
 Metaspace       used 10101K, capacity 10264K, committed 10496K, reserved 1058816K
  class space    used 1144K, capacity 1216K, committed 1280K, reserved 1048576K
Event: 123.678 GC heap after
Heap after GC invocations=1 (full 0):
 PSYoungGen      total 76288K, used 2112K [0x000000076ab00000, 0x0000000770000000, 0x00000007c0000000)
  eden space 65536K, 0% used [0x000000076ab00000,0x000000076ab00000,0x000000076eb00000)
  from space 10752K, 19% used [0x000000076eb00000,0x000000076ed10020,0x000000076f580000)
  to   space 10752K, 0% used [0x000000076f580000,0x000000076f580000,0x0000000770000000)
 ParOldGen       total 175104K, used 16K [0x00000006c0000000, 0x00000006cab00000, 0x000000076ab00000)
  object space 175104K, 0% used [0x00000006c0000000,0x00000006c0004000,0x00000006cab00000)
 Metaspace       used 10101K, capacity 10264K, committed 10496K, reserved 1058816K
  class space    used 1144K, capacity 1216K, committed 1280K, reserved 1048576K
}
Event: 294.897 GC heap before
{Heap before GC invocations=2 (full 0):
 PSYoungGen      total 76288K, used 67648K [0x000000076ab00000, 0x0000000770000000, 0x00000007c0000000)
  eden space 65536K, 100% used [0x000000076ab00000,0x000000076eb00000,0x000000076eb00000)
  from space 10752K, 19% used [0x000000076eb00000,0x000000076ed10020,0x000000076f580000)
  to   space 10752K, 0% used [0x000000076f580000,0x000000076f580000,0x0000000770000000)
 ParOldGen       total 175104K, used 16K [0x00000006c0000000, 0x00000006cab00000, 0x000000076ab00000)
  object space 175104K, 0% used [0x00000006c0000000,0x00000006c0004000,0x00000006cab00000)
 Metaspace       used 10131K, capacity 10328K, committed 10496K, reserved 1058816K
  class space    used 1146K, capacity 1216K, committed 1280K, reserved 1048576K
Event: 294.900 GC heap after
Heap after GC invocations=2 (full 0):
 PSYoungGen      total 76288K, used 2096K [0x000000076ab00000, 0x0000000770000000, 0x00000007c0000000)
  eden space 65536K, 0% used [0x000000076ab00000,0x000000076ab00000,0x000000076eb00000)
  from space 10752K, 19% used [0x000000076f580000,0x000000076f78c010,0x0000000770000000)
  to   space 10752K, 0% used [0x000000076eb00000,0x000000076eb00000,0x000000076f580000)
 ParOldGen       total 175104K, used 24K [0x00000006c0000000, 0x00000006cab00000, 0x000000076ab00000)
  object space 175104K, 0% used [0x00000006c0000000,0x00000006c0006000,0x00000006cab00000)
 Metaspace       used 10131K, capacity 10328K, committed 10496K, reserved 1058816K
  class space    used 1146K, capacity 1216K, committed 1280K, reserved 1048576K
}
Event: 473.414 GC heap before
{Heap before GC invocations=3 (full 0):
 PSYoungGen      total 76288K, used 67632K [0x000000076ab00000, 0x0000000770000000, 0x00000007c0000000)
  eden space 65536K, 100% used [0x000000076ab00000,0x000000076eb00000,0x000000076eb00000)
  from space 10752K, 19% used [0x000000076f580000,0x000000076f78c010,0x0000000770000000)
  to   space 10752K, 0% used [0x000000076eb00000,0x000000076eb00000,0x000000076f580000)
 ParOldGen       total 175104K, used 24K [0x00000006c0000000, 0x00000006cab00000, 0x000000076ab00000)
  object space 175104K, 0% used [0x00000006c0000000,0x00000006c0006000,0x00000006cab00000)
 Metaspace       used 10131K, capacity 10328K, committed 10496K, reserved 1058816K
  class space    used 1146K, capacity 1216K, committed 1280K, reserved 1048576K
Event: 473.416 GC heap after
Heap after GC invocations=3 (full 0):
 PSYoungGen      total 76288K, used 2064K [0x000000076ab00000, 0x0000000770000000, 0x00000007c0000000)
  eden space 65536K, 0% used [0x000000076ab00000,0x000000076ab00000,0x000000076eb00000)
  from space 10752K, 19% used [0x000000076eb00000,0x000000076ed04010,0x000000076f580000)
  to   space 10752K, 0% used [0x000000076f580000,0x000000076f580000,0x0000000770000000)
 ParOldGen       total 175104K, used 24K [0x00000006c0000000, 0x00000006cab00000, 0x000000076ab00000)
  object space 175104K, 0% used [0x00000006c0000000,0x00000006c0006000,0x00000006cab00000)
 Metaspace       used 10131K, capacity 10328K, committed 10496K, reserved 1058816K
  class space    used 1146K, capacity 1216K, committed 1280K, reserved 1048576K
}
Event: 654.990 GC heap before
{Heap before GC invocations=4 (full 0):
 PSYoungGen      total 76288K, used 67600K [0x000000076ab00000, 0x0000000770000000, 0x00000007c0000000)
  eden space 65536K, 100% used [0x000000076ab00000,0x000000076eb00000,0x000000076eb00000)
  from space 10752K, 19% used [0x000000076eb00000,0x000000076ed04010,0x000000076f580000)
  to   space 10752K, 0% used [0x000000076f580000,0x000000076f580000,0x0000000770000000)
 ParOldGen       total 175104K, used 24K [0x00000006c0000000, 0x00000006cab00000, 0x000000076ab00000)
  object space 175104K, 0% used [0x00000006c0000000,0x00000006c0006000,0x00000006cab00000)
 Metaspace       used 10137K, capacity 10328K, committed 10496K, reserved 1058816K
  class space    used 1146K, capacity 1216K, committed 1280K, reserved 1048576K
Event: 654.992 GC heap after
Heap after GC invocations=4 (full 0):
 PSYoungGen      total 76288K, used 2112K [0x000000076ab00000, 0x0000000770000000, 0x00000007c0000000)
  eden space 65536K, 0% used [0x000000076ab00000,0x000000076ab00000,0x000000076eb00000)
  from space 10752K, 19% used [0x000000076f580000,0x000000076f790020,0x0000000770000000)
  to   space 10752K, 0% used [0x000000076eb00000,0x000000076eb00000,0x000000076f580000)
 ParOldGen       total 175104K, used 24K [0x00000006c0000000, 0x00000006cab00000, 0x000000076ab00000)
  object space 175104K, 0% used [0x00000006c0000000,0x00000006c0006000,0x00000006cab00000)
 Metaspace       used 10137K, capacity 10328K, committed 10496K, reserved 1058816K
  class space    used 1146K, capacity 1216K, committed 1280K, reserved 1048576K
}
Event: 828.386 GC heap before
{Heap before GC invocations=5 (full 0):
 PSYoungGen      total 76288K, used 67648K [0x000000076ab00000, 0x0000000770000000, 0x00000007c0000000)
  eden space 65536K, 100% used [0x000000076ab00000,0x000000076eb00000,0x000000076eb00000)
  from space 10752K, 19% used [0x000000076f580000,0x000000076f790020,0x0000000770000000)
  to   space 10752K, 0% used [0x000000076eb00000,0x000000076eb00000,0x000000076f580000)
 ParOldGen       total 175104K, used 24K [0x00000006c0000000, 0x00000006cab00000, 0x000000076ab00000)
  object space 175104K, 0% used [0x00000006c0000000,0x00000006c0006000,0x00000006cab00000)
 Metaspace       used 10388K, capacity 10552K, committed 10752K, reserved 1058816K
  class space    used 1184K, capacity 1248K, committed 1280K, reserved 1048576K
Event: 828.388 GC heap after
Heap after GC invocations=5 (full 0):
 PSYoungGen      total 66560K, used 2096K [0x000000076ab00000, 0x000000076f600000, 0x00000007c0000000)
  eden space 64000K, 0% used [0x000000076ab00000,0x000000076ab00000,0x000000076e980000)
  from space 2560K, 81% used [0x000000076eb00000,0x000000076ed0c010,0x000000076ed80000)
  to   space 2560K, 0% used [0x000000076f380000,0x000000076f380000,0x000000076f600000)
 ParOldGen       total 175104K, used 32K [0x00000006c0000000, 0x00000006cab00000, 0x000000076ab00000)
  object space 175104K, 0% used [0x00000006c0000000,0x00000006c0008000,0x00000006cab00000)
 Metaspace       used 10388K, capacity 10552K, committed 10752K, reserved 1058816K
  class space    used 1184K, capacity 1248K, committed 1280K, reserved 1048576K
}

